<?xml version="1.0" encoding="UTF-8"?>
<!-- Generated by org.testng.reporters.JUnitReportReporter -->
<testsuite skipped="0" hostname="HEMA" name="script.PayerSettings.Payer_Add" tests="2" failures="0" timestamp="31 Jan 2018 06:16:21 GMT" time="74.727" errors="0">
  <testcase name="testValidLogin" time="45.508" classname="script.PayerSettings.Payer_Add"/>
  <testcase name="testPayer_Add" time="29.219" classname="script.PayerSettings.Payer_Add"/>
</testsuite> <!-- script.PayerSettings.Payer_Add -->
