<?xml version="1.0" encoding="UTF-8"?>
<!-- Generated by org.testng.reporters.JUnitReportReporter -->
<testsuite skipped="0" hostname="HEMA" name="DocumentManagement.Document_Upload" tests="2" failures="0" timestamp="25 Jan 2018 07:00:58 GMT" time="49.586" errors="0">
  <testcase name="testValidLogin" time="23.821" classname="DocumentManagement.Document_Upload"/>
  <testcase name="testDocument_Upload" time="25.765" classname="DocumentManagement.Document_Upload"/>
</testsuite> <!-- DocumentManagement.Document_Upload -->
