<?xml version="1.0" encoding="UTF-8"?>
<!-- Generated by org.testng.reporters.JUnitReportReporter -->
<testsuite skipped="0" hostname="HEMA" name="script.Document_Upload" tests="1" failures="0" timestamp="22 Jan 2018 13:49:13 GMT" time="23.189" errors="0">
  <testcase name="testValidLogin" time="23.189" classname="script.Document_Upload"/>
</testsuite> <!-- script.Document_Upload -->
