<?xml version="1.0" encoding="UTF-8"?>
<!-- Generated by org.testng.reporters.JUnitReportReporter -->
<testsuite skipped="0" hostname="HEMA" name="script.DomainValues.Domain_Add" tests="2" failures="0" timestamp="01 Feb 2018 09:08:00 GMT" time="50.433" errors="0">
  <testcase name="testDomain_Add" time="14.717" classname="script.DomainValues.Domain_Add"/>
  <testcase name="testValidLogin" time="35.716" classname="script.DomainValues.Domain_Add"/>
</testsuite> <!-- script.DomainValues.Domain_Add -->
