<?xml version="1.0" encoding="UTF-8"?>
<!-- Generated by org.testng.reporters.JUnitReportReporter -->
<testsuite skipped="0" hostname="HEMA" name="script.SuperBill_Grid" tests="2" failures="0" timestamp="24 Jan 2018 09:15:44 GMT" time="155.668" errors="0">
  <testcase name="testValidLogin" time="58.345" classname="script.SuperBill_Grid"/>
  <testcase name="testSuperBill_Grid" time="97.323" classname="script.SuperBill_Grid"/>
</testsuite> <!-- script.SuperBill_Grid -->
