<?xml version="1.0" encoding="UTF-8"?>
<!-- Generated by org.testng.reporters.JUnitReportReporter -->
<testsuite skipped="0" hostname="HEMA" name="script.DocumentManagement.Document_Edit" tests="1" failures="0" timestamp="31 Jan 2018 07:43:44 GMT" time="82.944" errors="0">
  <testcase name="testDocument_Edit" time="82.944" classname="script.DocumentManagement.Document_Edit"/>
</testsuite> <!-- script.DocumentManagement.Document_Edit -->
