<?xml version="1.0" encoding="UTF-8"?>
<!-- Generated by org.testng.reporters.JUnitReportReporter -->
<testsuite skipped="0" hostname="HEMA" name="script.Ledger_Add" tests="2" failures="0" timestamp="24 Jan 2018 09:47:37 GMT" time="64.886" errors="0">
  <testcase name="testValidLogin" time="23.537" classname="script.Ledger_Add"/>
  <testcase name="testLedger_Add" time="41.349" classname="script.Ledger_Add"/>
</testsuite> <!-- script.Ledger_Add -->
