<?xml version="1.0" encoding="UTF-8"?>
<!-- Generated by org.testng.reporters.JUnitReportReporter -->
<testsuite skipped="0" hostname="HEMA" name="script.InvalidLogin" tests="1" failures="0" timestamp="08 Jan 2018 10:21:57 GMT" time="6.296" errors="0">
  <testcase name="testInvalidLogin" time="6.296" classname="script.InvalidLogin"/>
</testsuite> <!-- script.InvalidLogin -->
