<?xml version="1.0" encoding="UTF-8"?>
<!-- Generated by org.testng.reporters.JUnitReportReporter -->
<testsuite skipped="0" hostname="HEMA" name="DocumentManagement.Document_Patient" tests="3" failures="0" timestamp="25 Jan 2018 06:53:20 GMT" time="65.279" errors="0">
  <testcase name="testValidLogin" time="23.866" classname="DocumentManagement.Document_Patient"/>
  <testcase name="testDocument_Upload" time="22.781" classname="DocumentManagement.Document_Patient"/>
  <testcase name="testDocument_Patient" time="18.632" classname="DocumentManagement.Document_Patient"/>
</testsuite> <!-- DocumentManagement.Document_Patient -->
