<?xml version="1.0" encoding="UTF-8"?>
<!-- Generated by org.testng.reporters.JUnitReportReporter -->
<testsuite skipped="1" hostname="HEMA" name="script.Service_Addon" tests="1" failures="0" timestamp="22 Jan 2018 13:49:13 GMT" time="0.000" errors="0">
  <testcase name="testValidLogin" time="0.000" classname="script.Service_Addon">
    <skipped/>
  </testcase> <!-- testValidLogin -->
</testsuite> <!-- script.Service_Addon -->
