<?xml version="1.0" encoding="UTF-8"?>
<!-- Generated by org.testng.reporters.JUnitReportReporter -->
<testsuite skipped="0" hostname="HEMA" name="script.Demo" tests="2" failures="0" timestamp="22 Jan 2018 13:24:31 GMT" time="0.016" errors="0">
  <testcase name="Authorized_Add" time="0.014" classname="script.Demo"/>
  <testcase name="Charge_Add" time="0.002" classname="script.Demo"/>
</testsuite> <!-- script.Demo -->
