<?xml version="1.0" encoding="UTF-8"?>
<!-- Generated by org.testng.reporters.JUnitReportReporter -->
<testsuite skipped="0" hostname="HEMA" name="script.Payer_Add" tests="1" failures="0" timestamp="22 Jan 2018 13:49:13 GMT" time="60.935" errors="0">
  <testcase name="testValidLogin" time="60.935" classname="script.Payer_Add"/>
</testsuite> <!-- script.Payer_Add -->
