<?xml version="1.0" encoding="UTF-8"?>
<!-- Generated by org.testng.reporters.JUnitReportReporter -->
<testsuite skipped="0" hostname="HEMA" name="script.DocumentManagement.Document_Add" tests="2" failures="0" timestamp="01 Feb 2018 09:51:05 GMT" time="75.708" errors="0">
  <testcase name="testLogin" time="36.109" classname="script.DocumentManagement.Document_Add"/>
  <testcase name="testDocument_Add" time="39.599" classname="script.DocumentManagement.Document_Add"/>
</testsuite> <!-- script.DocumentManagement.Document_Add -->
